#
# A fatal error has been detected by the Java Runtime Environment:
#
#  SIGSEGV (0xb) at pc=0x00007fa5d333ebe0, pid=5365, tid=140349910853376
#
# JRE version: 7.0_25-b30
# Java VM: OpenJDK 64-Bit Server VM (23.7-b01 mixed mode linux-amd64 compressed oops)
# Problematic frame:
# V  [libjvm.so+0x584be0]  jvmti_IsMethodSynthetic+0x1e0
#
# Failed to write core dump. Core dumps have been disabled. To enable core dumping, try "ulimit -c unlimited" before starting Java again
#
# If you would like to submit a bug report, please include
# instructions on how to reproduce the bug and visit:
#   https://bugs.launchpad.net/ubuntu/+source/openjdk-7/
#

---------------  T H R E A D  ---------------

Current thread (0x00007fa5cc11b800):  JavaThread "JDWP Transport Listener: dt_socket" daemon [_thread_in_vm, id=5384, stack(0x00007fa5c284a000,0x00007fa5c294b000)]

siginfo:si_signo=SIGSEGV: si_errno=0, si_code=128 (), si_addr=0x0000000000000000

Registers:
RAX=0x0000000000000063, RBX=0x00007fa5cc005f70, RCX=0x00007fa5d3ebf2e0, RDX=0x0000000000000001
RSP=0x00007fa5c2949a30, RBP=0x00007fa5c2949a90, RSI=0x00007fa5cc11b800, RDI=0x00007fa5cc005f70
R8 =0x0000000000000000, R9 =0x00007fa5d4218440, R10=0x000000000000000a, R11=0x00007fa5d4255720
R12=0x656220746f6e6e61, R13=0x00007fa5c2949af7, R14=0x00007fa5cc11b800, R15=0x00007fa5c2949a40
RIP=0x00007fa5d333ebe0, EFLAGS=0x0000000000010202, CSGSFS=0x0000000000000033, ERR=0x0000000000000000
  TRAPNO=0x000000000000000d

Top of Stack: (sp=0x00007fa5c2949a30)
0x00007fa5c2949a30:   00007fa5d3a7431c 00007fa5d338bfa1
0x00007fa5c2949a40:   00007fa5cc11b800 0000000000000000
0x00007fa5c2949a50:   00007fa500000000 0000000000000000
0x00007fa5c2949a60:   00007fa5c2949be0 00007fa5c2949af7
0x00007fa5c2949a70:   00007fa5d1f54ee0 656220746f6e6e61
0x00007fa5c2949a80:   00007fa5c2949af7 00007fa5c2949afc
0x00007fa5c2949a90:   00007fa5c2949ac0 00007fa5d1d408b9
0x00007fa5c2949aa0:   00007fa5c2949ac0 0000000000000011
0x00007fa5c2949ab0:   00007fa5c2949be0 656220746f6e6e61
0x00007fa5c2949ac0:   00007fa5c2949b50 00007fa5d1d21498
0x00007fa5c2949ad0:   00007fa5c2949b10 00007fa5c2949b10
0x00007fa5c2949ae0:   00007fa5c2949b18 00000001d1d26369
0x00007fa5c2949af0:   00007fa5c2949bb0 0000000900000012
0x00007fa5c2949b00:   00007fa59c012020 0000000000000000
0x00007fa5c2949b10:   0000000000000000 0000000000000000
0x00007fa5c2949b20:   00007fa5c2949bb0 00000000000f0200
0x00007fa5c2949b30:   00007fa5c2949bb0 0000000000000002
0x00007fa5c2949b40:   00007fa5c2949be0 00007fa5d1f54ee0
0x00007fa5c2949b50:   00007fa5c2949da0 00007fa5d1d2b498
0x00007fa5c2949b60:   00004fb600000013 00007fa59c0f0200
0x00007fa5c2949b70:   00007fa594000ba0 00007fa5d1d3fc51
0x00007fa5c2949b80:   00007fa5cc111ac0 00007fa59400080f
0x00007fa5c2949b90:   00004fb600000013 00007fa59c0f0200
0x00007fa5c2949ba0:   00007fa594000ba0 00007fa5d33afc90
0x00007fa5c2949bb0:   00007fa594000ba8 000000000000000b
0x00007fa5c2949bc0:   00004fb600000013 00007fa59c0f0200
0x00007fa5c2949bd0:   00007fa594000ba0 00007fa59c011700
0x00007fa5c2949be0:   00007fa59c0131d4 00007fa5000001ac
0x00007fa5c2949bf0:   00007fa59c006410 00007fa50000012c
0x00007fa5c2949c00:   00007fa5c2949c30 00007fa59c011d60
0x00007fa5c2949c10:   00007f0000000000 00004fb60000001c
0x00007fa5c2949c20:   00007fa50000d080 00007fa5c2949c30 

Instructions: (pc=0x00007fa5d333ebe0)
0x00007fa5d333ebc0:   48 c1 e8 04 23 02 48 8d 15 33 07 73 00 48 03 02
0x00007fa5d333ebd0:   c7 00 01 00 00 00 e9 b6 fe ff ff 4d 85 e4 74 3b
0x00007fa5d333ebe0:   4d 8b 24 24 48 b8 fe fe fe fe fe fe fe fe 49 39
0x00007fa5d333ebf0:   c4 74 28 4d 85 e4 74 23 48 8d 05 04 c4 72 00 80 

Register to memory mapping:

RAX=0x0000000000000063 is an unknown value
RBX=0x00007fa5cc005f70 is an unknown value
RCX=0x00007fa5d3ebf2e0: <offset 0x2182e0> in /lib/x86_64-linux-gnu/libpthread.so.0 at 0x00007fa5d3ca7000
RDX=0x0000000000000001 is an unknown value
RSP=0x00007fa5c2949a30 is pointing into the stack for thread: 0x00007fa5cc11b800
RBP=0x00007fa5c2949a90 is pointing into the stack for thread: 0x00007fa5cc11b800
RSI=0x00007fa5cc11b800 is a thread
RDI=0x00007fa5cc005f70 is an unknown value
R8 =0x0000000000000000 is an unknown value
R9 =0x00007fa5d4218440: <offset 0x150440> in /lib/x86_64-linux-gnu/libc.so.6 at 0x00007fa5d40c8000
R10=0x000000000000000a is an unknown value
R11=0x00007fa5d4255720: <offset 0x18d720> in /lib/x86_64-linux-gnu/libc.so.6 at 0x00007fa5d40c8000
R12=0x656220746f6e6e61 is an unknown value
R13=0x00007fa5c2949af7 is pointing into the stack for thread: 0x00007fa5cc11b800
R14=0x00007fa5cc11b800 is a thread
R15=0x00007fa5c2949a40 is pointing into the stack for thread: 0x00007fa5cc11b800


Stack: [0x00007fa5c284a000,0x00007fa5c294b000],  sp=0x00007fa5c2949a30,  free space=1022k
Native frames: (J=compiled Java code, j=interpreted, Vv=VM code, C=native code)
V  [libjvm.so+0x584be0]  jvmti_IsMethodSynthetic+0x1e0
C  [libjdwp.so+0x268b9]  Agent_OnLoad+0x16ea9
C  [libjdwp.so+0x7498]  getenv+0x7498
C  [libjdwp.so+0x11498]  Agent_OnLoad+0x1a88
C  [libjdwp.so+0x23595]  Agent_OnLoad+0x13b85
V  [libjvm.so+0x5f0a3b]  JvmtiAgentThread::start_function_wrapper(JavaThread*, Thread*)+0x9b
V  [libjvm.so+0x82f841]  JavaThread::thread_main_inner()+0xe1
V  [libjvm.so+0x70a9d2]  java_start(Thread*)+0xf2


---------------  P R O C E S S  ---------------

Java Threads: ( => current thread )
  0x00007fa5cc126800 JavaThread "Service Thread" daemon [_thread_blocked, id=5393, stack(0x00007fa5c2345000,0x00007fa5c2446000)]
  0x00007fa5cc124000 JavaThread "C2 CompilerThread1" daemon [_thread_blocked, id=5392, stack(0x00007fa5c2446000,0x00007fa5c2547000)]
  0x00007fa5cc121000 JavaThread "C2 CompilerThread0" daemon [_thread_blocked, id=5391, stack(0x00007fa5c2547000,0x00007fa5c2648000)]
  0x00007fa59c001000 JavaThread "JDWP Command Reader" daemon [_thread_in_native, id=5388, stack(0x00007fa5c2648000,0x00007fa5c2749000)]
  0x00007fa5cc11f000 JavaThread "JDWP Event Helper Thread" daemon [_thread_blocked, id=5385, stack(0x00007fa5c2749000,0x00007fa5c284a000)]
=>0x00007fa5cc11b800 JavaThread "JDWP Transport Listener: dt_socket" daemon [_thread_in_vm, id=5384, stack(0x00007fa5c284a000,0x00007fa5c294b000)]
  0x00007fa5cc10e000 JavaThread "Signal Dispatcher" daemon [_thread_blocked, id=5382, stack(0x00007fa5c2b50000,0x00007fa5c2c51000)]
  0x00007fa5cc0b5800 JavaThread "Finalizer" daemon [_thread_blocked, id=5379, stack(0x00007fa5c2c51000,0x00007fa5c2d52000)]
  0x00007fa5cc0b3000 JavaThread "Reference Handler" daemon [_thread_blocked, id=5378, stack(0x00007fa5c2d52000,0x00007fa5c2e53000)]
  0x00007fa5cc00c800 JavaThread "main" [_thread_blocked, id=5367, stack(0x00007fa5d479c000,0x00007fa5d489d000)]

Other Threads:
  0x00007fa5cc0aa800 VMThread [stack: 0x00007fa5c2e53000,0x00007fa5c2f54000] [id=5377]
  0x00007fa5cc131000 WatcherThread [stack: 0x00007fa5c2244000,0x00007fa5c2345000] [id=5394]

VM state:not at safepoint (normal execution)

VM Mutex/Monitor currently owned by a thread: None

Heap
 PSYoungGen      total 248960K, used 223906K [0x00000007d7000000, 0x00000007e7200000, 0x0000000800000000)
  eden space 238464K, 89% used [0x00000007d7000000,0x00000007e406c898,0x00000007e58e0000)
  from space 10496K, 99% used [0x00000007e63b0000,0x00000007e6dec188,0x00000007e6df0000)
  to   space 4160K, 0% used [0x00000007e6df0000,0x00000007e6df0000,0x00000007e7200000)
 ParOldGen       total 83968K, used 17370K [0x0000000785000000, 0x000000078a200000, 0x00000007d7000000)
  object space 83968K, 20% used [0x0000000785000000,0x00000007860f6b70,0x000000078a200000)
 PSPermGen       total 21248K, used 17701K [0x000000077aa00000, 0x000000077bec0000, 0x0000000785000000)
  object space 21248K, 83% used [0x000000077aa00000,0x000000077bb49510,0x000000077bec0000)

Card table byte_map: [0x00007fa5d09dc000,0x00007fa5d0e08000] byte_map_base: 0x00007fa5cce07000

Polling page: 0x00007fa5d48bd000

Code Cache  [0x00007fa5c9000000, 0x00007fa5c9290000, 0x00007fa5cc000000)
 total_blobs=893 nmethods=552 adapters=300 free_code_cache=46636Kb largest_free_block=47683776

Compilation events (10 events):
Event: 150.611 Thread 0x00007fa5cc124000  570             org.eclipse.jdt.internal.compiler.problem.DefaultProblem::getSourceStart (5 bytes)
Event: 150.611 Thread 0x00007fa5cc124000 nmethod 570 0x00007fa5c923e050 code [0x00007fa5c923e180, 0x00007fa5c923e1d8]
Event: 151.152 Thread 0x00007fa5cc121000  571             org.eclipse.jdt.internal.compiler.parser.Scanner::internalScanIdentifierOrKeyword (3696 bytes)
Event: 151.152 Thread 0x00007fa5cc124000  572             org.eclipse.jdt.internal.compiler.parser.diagnose.DiagnoseParser::checkPrimaryDistance (1149 bytes)
Event: 151.186 Thread 0x00007fa5cc121000 nmethod 571 0x00007fa5c9276110 code [0x00007fa5c92763e0, 0x00007fa5c9277db8]
Event: 151.186 Thread 0x00007fa5cc121000  573             org.eclipse.jdt.core.dom.ASTConverter::recordNodes (13 bytes)
Event: 151.191 Thread 0x00007fa5cc121000 nmethod 573 0x00007fa5c923ead0 code [0x00007fa5c923ec80, 0x00007fa5c923f508]
Event: 151.261 Thread 0x00007fa5cc124000 nmethod 572 0x00007fa5c927e450 code [0x00007fa5c927e920, 0x00007fa5c9282f90]
Event: 151.678 Thread 0x00007fa5cc121000  574             org.eclipse.jdt.internal.compiler.lookup.Scope::environment (24 bytes)
Event: 151.679 Thread 0x00007fa5cc121000 nmethod 574 0x00007fa5c923e810 code [0x00007fa5c923e960, 0x00007fa5c923ea18]

GC Heap History (10 events):
Event: 80.216 GC heap before
{Heap before GC invocations=5 (full 0):
 PSYoungGen      total 68224K, used 68157K [0x00000007d7000000, 0x00000007db7c0000, 0x0000000800000000)
  eden space 62976K, 99% used [0x00000007d7000000,0x00000007dad6f8e8,0x00000007dad80000)
  from space 5248K, 99% used [0x00000007db2a0000,0x00000007db7bfe98,0x00000007db7c0000)
  to   space 5248K, 0% used [0x00000007dad80000,0x00000007dad80000,0x00000007db2a0000)
 ParOldGen       total 83968K, used 5743K [0x0000000785000000, 0x000000078a200000, 0x00000007d7000000)
  object space 83968K, 6% used [0x0000000785000000,0x000000078559be50,0x000000078a200000)
 PSPermGen       total 21248K, used 10216K [0x000000077aa00000, 0x000000077bec0000, 0x0000000785000000)
  object space 21248K, 48% used [0x000000077aa00000,0x000000077b3fa038,0x000000077bec0000)
Event: 80.227 GC heap after
Heap after GC invocations=5 (full 0):
 PSYoungGen      total 68224K, used 5239K [0x00000007d7000000, 0x00000007dfbc0000, 0x0000000800000000)
  eden space 62976K, 0% used [0x00000007d7000000,0x00000007d7000000,0x00000007dad80000)
  from space 5248K, 99% used [0x00000007dad80000,0x00000007db29dde0,0x00000007db2a0000)
  to   space 8576K, 0% used [0x00000007df360000,0x00000007df360000,0x00000007dfbc0000)
 ParOldGen       total 83968K, used 6840K [0x0000000785000000, 0x000000078a200000, 0x00000007d7000000)
  object space 83968K, 8% used [0x0000000785000000,0x00000007856ae350,0x000000078a200000)
 PSPermGen       total 21248K, used 10216K [0x000000077aa00000, 0x000000077bec0000, 0x0000000785000000)
  object space 21248K, 48% used [0x000000077aa00000,0x000000077b3fa038,0x000000077bec0000)
}
Event: 86.698 GC heap before
{Heap before GC invocations=6 (full 0):
 PSYoungGen      total 68224K, used 67294K [0x00000007d7000000, 0x00000007dfbc0000, 0x0000000800000000)
  eden space 62976K, 98% used [0x00000007d7000000,0x00000007dac99d98,0x00000007dad80000)
  from space 5248K, 99% used [0x00000007dad80000,0x00000007db29dde0,0x00000007db2a0000)
  to   space 8576K, 0% used [0x00000007df360000,0x00000007df360000,0x00000007dfbc0000)
 ParOldGen       total 83968K, used 6840K [0x0000000785000000, 0x000000078a200000, 0x00000007d7000000)
  object space 83968K, 8% used [0x0000000785000000,0x00000007856ae350,0x000000078a200000)
 PSPermGen       total 21248K, used 10218K [0x000000077aa00000, 0x000000077bec0000, 0x0000000785000000)
  object space 21248K, 48% used [0x000000077aa00000,0x000000077b3fa988,0x000000077bec0000)
Event: 86.707 GC heap after
Heap after GC invocations=6 (full 0):
 PSYoungGen      total 134016K, used 6354K [0x00000007d7000000, 0x00000007dfb40000, 0x0000000800000000)
  eden space 125952K, 0% used [0x00000007d7000000,0x00000007d7000000,0x00000007deb00000)
  from space 8064K, 78% used [0x00000007df360000,0x00000007df994be8,0x00000007dfb40000)
  to   space 8320K, 0% used [0x00000007deb00000,0x00000007deb00000,0x00000007df320000)
 ParOldGen       total 83968K, used 6848K [0x0000000785000000, 0x000000078a200000, 0x00000007d7000000)
  object space 83968K, 8% used [0x0000000785000000,0x00000007856b0350,0x000000078a200000)
 PSPermGen       total 21248K, used 10218K [0x000000077aa00000, 0x000000077bec0000, 0x0000000785000000)
  object space 21248K, 48% used [0x000000077aa00000,0x000000077b3fa988,0x000000077bec0000)
}
Event: 105.882 GC heap before
{Heap before GC invocations=7 (full 0):
 PSYoungGen      total 134016K, used 132306K [0x00000007d7000000, 0x00000007dfb40000, 0x0000000800000000)
  eden space 125952K, 100% used [0x00000007d7000000,0x00000007deb00000,0x00000007deb00000)
  from space 8064K, 78% used [0x00000007df360000,0x00000007df994be8,0x00000007dfb40000)
  to   space 8320K, 0% used [0x00000007deb00000,0x00000007deb00000,0x00000007df320000)
 ParOldGen       total 83968K, used 6848K [0x0000000785000000, 0x000000078a200000, 0x00000007d7000000)
  object space 83968K, 8% used [0x0000000785000000,0x00000007856b0350,0x000000078a200000)
 PSPermGen       total 21248K, used 12742K [0x000000077aa00000, 0x000000077bec0000, 0x0000000785000000)
  object space 21248K, 59% used [0x000000077aa00000,0x000000077b671818,0x000000077bec0000)
Event: 105.890 GC heap after
Heap after GC invocations=7 (full 0):
 PSYoungGen      total 134272K, used 6262K [0x00000007d7000000, 0x00000007e75e0000, 0x0000000800000000)
  eden space 125952K, 0% used [0x00000007d7000000,0x00000007d7000000,0x00000007deb00000)
  from space 8320K, 75% used [0x00000007deb00000,0x00000007df11db40,0x00000007df320000)
  to   space 8128K, 0% used [0x00000007e6df0000,0x00000007e6df0000,0x00000007e75e0000)
 ParOldGen       total 83968K, used 9592K [0x0000000785000000, 0x000000078a200000, 0x00000007d7000000)
  object space 83968K, 11% used [0x0000000785000000,0x000000078595e1b0,0x000000078a200000)
 PSPermGen       total 21248K, used 12742K [0x000000077aa00000, 0x000000077bec0000, 0x0000000785000000)
  object space 21248K, 59% used [0x000000077aa00000,0x000000077b671818,0x000000077bec0000)
}
Event: 110.821 GC heap before
{Heap before GC invocations=8 (full 0):
 PSYoungGen      total 134272K, used 132214K [0x00000007d7000000, 0x00000007e75e0000, 0x0000000800000000)
  eden space 125952K, 100% used [0x00000007d7000000,0x00000007deb00000,0x00000007deb00000)
  from space 8320K, 75% used [0x00000007deb00000,0x00000007df11db40,0x00000007df320000)
  to   space 8128K, 0% used [0x00000007e6df0000,0x00000007e6df0000,0x00000007e75e0000)
 ParOldGen       total 83968K, used 9592K [0x0000000785000000, 0x000000078a200000, 0x00000007d7000000)
  object space 83968K, 11% used [0x0000000785000000,0x000000078595e1b0,0x000000078a200000)
 PSPermGen       total 21248K, used 17203K [0x000000077aa00000, 0x000000077bec0000, 0x0000000785000000)
  object space 21248K, 80% used [0x000000077aa00000,0x000000077baccf60,0x000000077bec0000)
Event: 110.830 GC heap after
Heap after GC invocations=8 (full 0):
 PSYoungGen      total 257664K, used 8113K [0x00000007d7000000, 0x00000007e7a80000, 0x0000000800000000)
  eden space 249536K, 0% used [0x00000007d7000000,0x00000007d7000000,0x00000007e63b0000)
  from space 8128K, 99% used [0x00000007e6df0000,0x00000007e75dc780,0x00000007e75e0000)
  to   space 10496K, 0% used [0x00000007e63b0000,0x00000007e63b0000,0x00000007e6df0000)
 ParOldGen       total 83968K, used 13747K [0x0000000785000000, 0x000000078a200000, 0x00000007d7000000)
  object space 83968K, 16% used [0x0000000785000000,0x0000000785d6ced8,0x000000078a200000)
 PSPermGen       total 21248K, used 17203K [0x000000077aa00000, 0x000000077bec0000, 0x0000000785000000)
  object space 21248K, 80% used [0x000000077aa00000,0x000000077baccf60,0x000000077bec0000)
}
Event: 128.653 GC heap before
{Heap before GC invocations=9 (full 0):
 PSYoungGen      total 257664K, used 257649K [0x00000007d7000000, 0x00000007e7a80000, 0x0000000800000000)
  eden space 249536K, 100% used [0x00000007d7000000,0x00000007e63b0000,0x00000007e63b0000)
  from space 8128K, 99% used [0x00000007e6df0000,0x00000007e75dc780,0x00000007e75e0000)
  to   space 10496K, 0% used [0x00000007e63b0000,0x00000007e63b0000,0x00000007e6df0000)
 ParOldGen       total 83968K, used 13747K [0x0000000785000000, 0x000000078a200000, 0x00000007d7000000)
  object space 83968K, 16% used [0x0000000785000000,0x0000000785d6ced8,0x000000078a200000)
 PSPermGen       total 21248K, used 17570K [0x000000077aa00000, 0x000000077bec0000, 0x0000000785000000)
  object space 21248K, 82% used [0x000000077aa00000,0x000000077bb28a48,0x000000077bec0000)
Event: 128.668 GC heap after
Heap after GC invocations=9 (full 0):
 PSYoungGen      total 248960K, used 10480K [0x00000007d7000000, 0x00000007e7200000, 0x0000000800000000)
  eden space 238464K, 0% used [0x00000007d7000000,0x00000007d7000000,0x00000007e58e0000)
  from space 10496K, 99% used [0x00000007e63b0000,0x00000007e6dec188,0x00000007e6df0000)
  to   space 4160K, 0% used [0x00000007e6df0000,0x00000007e6df0000,0x00000007e7200000)
 ParOldGen       total 83968K, used 17370K [0x0000000785000000, 0x000000078a200000, 0x00000007d7000000)
  object space 83968K, 20% used [0x0000000785000000,0x00000007860f6b70,0x000000078a200000)
 PSPermGen       total 21248K, used 17570K [0x000000077aa00000, 0x000000077bec0000, 0x0000000785000000)
  object space 21248K, 82% used [0x000000077aa00000,0x000000077bb28a48,0x000000077bec0000)
}

Deoptimization events (10 events):
Event: 151.136 Thread 0x00007fa5cc00c800 Uncommon trap -25 fr.pc 0x00007fa5c91cc764
Event: 151.136 Thread 0x00007fa5cc00c800 Uncommon trap -25 fr.pc 0x00007fa5c91cc764
Event: 151.136 Thread 0x00007fa5cc00c800 Uncommon trap -25 fr.pc 0x00007fa5c91cc764
Event: 151.138 Thread 0x00007fa5cc00c800 Uncommon trap -25 fr.pc 0x00007fa5c91cc764
Event: 151.163 Thread 0x00007fa5cc00c800 Uncommon trap -83 fr.pc 0x00007fa5c923cb6c
Event: 151.274 Thread 0x00007fa5cc00c800 Uncommon trap -89 fr.pc 0x00007fa5c908a150
Event: 151.662 Thread 0x00007fa5cc00c800 Uncommon trap -25 fr.pc 0x00007fa5c91cc764
Event: 151.677 Thread 0x00007fa5cc00c800 Uncommon trap -83 fr.pc 0x00007fa5c91c4ea8
Event: 151.723 Thread 0x00007fa5cc00c800 Uncommon trap -58 fr.pc 0x00007fa5c910da74
Event: 151.730 Thread 0x00007fa5cc00c800 Uncommon trap -58 fr.pc 0x00007fa5c910da74

Internal exceptions (10 events):
Event: 151.132 Thread 0x00007fa5cc00c800 Threw 0x00000007e231e3c0 at /build/buildd/openjdk-7-7u25-2.3.12/build/openjdk/hotspot/src/share/vm/prims/jni.cpp:716
Event: 151.136 Thread 0x00007fa5cc00c800 Threw 0x00000007e23332c8 at /build/buildd/openjdk-7-7u25-2.3.12/build/openjdk/hotspot/src/share/vm/interpreter/interpreterRuntime.c
Event: 151.136 Thread 0x00007fa5cc00c800 Threw 0x00000007e2333418 at /build/buildd/openjdk-7-7u25-2.3.12/build/openjdk/hotspot/src/share/vm/interpreter/interpreterRuntime.c
Event: 151.136 Thread 0x00007fa5cc00c800 Threw 0x00000007e2333568 at /build/buildd/openjdk-7-7u25-2.3.12/build/openjdk/hotspot/src/share/vm/interpreter/interpreterRuntime.c
Event: 151.138 Thread 0x00007fa5cc00c800 Threw 0x00000007e23515c8 at /build/buildd/openjdk-7-7u25-2.3.12/build/openjdk/hotspot/src/share/vm/interpreter/interpreterRuntime.c
Event: 151.660 Thread 0x00007fa5cc00c800 Threw 0x00000007e2f27e08 at /build/buildd/openjdk-7-7u25-2.3.12/build/openjdk/hotspot/src/share/vm/prims/jni.cpp:716
Event: 151.660 Thread 0x00007fa5cc00c800 Threw 0x00000007e2f29148 at /build/buildd/openjdk-7-7u25-2.3.12/build/openjdk/hotspot/src/share/vm/prims/jni.cpp:716
Event: 151.660 Thread 0x00007fa5cc00c800 Threw 0x00000007e2f299e8 at /build/buildd/openjdk-7-7u25-2.3.12/build/openjdk/hotspot/src/share/vm/prims/jni.cpp:716
Event: 151.660 Thread 0x00007fa5cc00c800 Threw 0x00000007e2f2a608 at /build/buildd/openjdk-7-7u25-2.3.12/build/openjdk/hotspot/src/share/vm/prims/jni.cpp:716
Event: 151.662 Thread 0x00007fa5cc00c800 Threw 0x00000007e2f3c940 at /build/buildd/openjdk-7-7u25-2.3.12/build/openjdk/hotspot/src/share/vm/interpreter/interpreterRuntime.c

Events (10 events):
Event: 1777.840 Executing VM operation: GetCurrentLocation
Event: 1777.840 Executing VM operation: GetCurrentLocation done
Event: 1777.840 Executing VM operation: EnterInterpOnlyMode
Event: 1777.840 Executing VM operation: EnterInterpOnlyMode done
Event: 1777.840 Executing VM operation: ChangeSingleStep
Event: 1777.840 Executing VM operation: ChangeSingleStep done
Event: 1777.840 Executing VM operation: ChangeSingleStep
Event: 1777.840 Executing VM operation: ChangeSingleStep done
Event: 1777.844 Executing VM operation: RedefineClasses
Event: 1777.851 Executing VM operation: RedefineClasses done


Dynamic libraries:
00400000-00401000 r-xp 00000000 08:06 2491276                            /usr/lib/jvm/java-7-openjdk-amd64/jre/bin/java
00600000-00601000 r--p 00000000 08:06 2491276                            /usr/lib/jvm/java-7-openjdk-amd64/jre/bin/java
00601000-00602000 rw-p 00001000 08:06 2491276                            /usr/lib/jvm/java-7-openjdk-amd64/jre/bin/java
025c8000-025e9000 rw-p 00000000 00:00 0                                  [heap]
77aa00000-77bec0000 rw-p 00000000 00:00 0 
77bec0000-785000000 rw-p 00000000 00:00 0 
785000000-78a200000 rw-p 00000000 00:00 0 
78a200000-7d7000000 rw-p 00000000 00:00 0 
7d7000000-7e7200000 rw-p 00000000 00:00 0 
7e7200000-7e7a80000 ---p 00000000 00:00 0 
7e7a80000-800000000 rw-p 00000000 00:00 0 
7fa578000000-7fa578021000 rw-p 00000000 00:00 0 
7fa578021000-7fa57c000000 ---p 00000000 00:00 0 
7fa57c000000-7fa57c021000 rw-p 00000000 00:00 0 
7fa57c021000-7fa580000000 ---p 00000000 00:00 0 
7fa580000000-7fa580021000 rw-p 00000000 00:00 0 
7fa580021000-7fa584000000 ---p 00000000 00:00 0 
7fa584000000-7fa584021000 rw-p 00000000 00:00 0 
7fa584021000-7fa588000000 ---p 00000000 00:00 0 
7fa588000000-7fa589600000 rw-p 00000000 00:00 0 
7fa589600000-7fa58c000000 ---p 00000000 00:00 0 
7fa58c000000-7fa58ceec000 rw-p 00000000 00:00 0 
7fa58ceec000-7fa590000000 ---p 00000000 00:00 0 
7fa590000000-7fa590021000 rw-p 00000000 00:00 0 
7fa590021000-7fa594000000 ---p 00000000 00:00 0 
7fa594000000-7fa594021000 rw-p 00000000 00:00 0 
7fa594021000-7fa598000000 ---p 00000000 00:00 0 
7fa598000000-7fa598021000 rw-p 00000000 00:00 0 
7fa598021000-7fa59c000000 ---p 00000000 00:00 0 
7fa59c000000-7fa59c213000 rw-p 00000000 00:00 0 
7fa59c213000-7fa5a0000000 ---p 00000000 00:00 0 
7fa5a0000000-7fa5a0021000 rw-p 00000000 00:00 0 
7fa5a0021000-7fa5a4000000 ---p 00000000 00:00 0 
7fa5a4000000-7fa5a4021000 rw-p 00000000 00:00 0 
7fa5a4021000-7fa5a8000000 ---p 00000000 00:00 0 
7fa5a8000000-7fa5a8021000 rw-p 00000000 00:00 0 
7fa5a8021000-7fa5ac000000 ---p 00000000 00:00 0 
7fa5aee95000-7fa5aee98000 ---p 00000000 00:00 0 
7fa5aee98000-7fa5aef96000 rw-p 00000000 00:00 0 
7fa5aef96000-7fa5aef9c000 r-xp 00000000 08:06 6165356                    /lib/x86_64-linux-gnu/libnss_dns-2.17.so
7fa5aef9c000-7fa5af19b000 ---p 00006000 08:06 6165356                    /lib/x86_64-linux-gnu/libnss_dns-2.17.so
7fa5af19b000-7fa5af19c000 r--p 00005000 08:06 6165356                    /lib/x86_64-linux-gnu/libnss_dns-2.17.so
7fa5af19c000-7fa5af19d000 rw-p 00006000 08:06 6165356                    /lib/x86_64-linux-gnu/libnss_dns-2.17.so
7fa5af19d000-7fa5af212000 r-xp 00000000 08:06 1050618                    /usr/lib/x86_64-linux-gnu/nss/libfreebl3.so
7fa5af212000-7fa5af412000 ---p 00075000 08:06 1050618                    /usr/lib/x86_64-linux-gnu/nss/libfreebl3.so
7fa5af412000-7fa5af413000 r--p 00075000 08:06 1050618                    /usr/lib/x86_64-linux-gnu/nss/libfreebl3.so
7fa5af413000-7fa5af414000 rw-p 00076000 08:06 1050618                    /usr/lib/x86_64-linux-gnu/nss/libfreebl3.so
7fa5af414000-7fa5af418000 rw-p 00000000 00:00 0 
7fa5af418000-7fa5af4c6000 r-xp 00000000 08:06 655743                     /usr/lib/x86_64-linux-gnu/libsqlite3.so.0.8.6
7fa5af4c6000-7fa5af6c6000 ---p 000ae000 08:06 655743                     /usr/lib/x86_64-linux-gnu/libsqlite3.so.0.8.6
7fa5af6c6000-7fa5af6c8000 r--p 000ae000 08:06 655743                     /usr/lib/x86_64-linux-gnu/libsqlite3.so.0.8.6
7fa5af6c8000-7fa5af6ca000 rw-p 000b0000 08:06 655743                     /usr/lib/x86_64-linux-gnu/libsqlite3.so.0.8.6
7fa5af6ca000-7fa5af6cb000 rw-p 00000000 00:00 0 
7fa5af6cb000-7fa5af70d000 r-xp 00000000 08:06 1050623                    /usr/lib/x86_64-linux-gnu/nss/libsoftokn3.so
7fa5af70d000-7fa5af90d000 ---p 00042000 08:06 1050623                    /usr/lib/x86_64-linux-gnu/nss/libsoftokn3.so
7fa5af90d000-7fa5af90e000 r--p 00042000 08:06 1050623                    /usr/lib/x86_64-linux-gnu/nss/libsoftokn3.so
7fa5af90e000-7fa5af90f000 rw-p 00043000 08:06 1050623                    /usr/lib/x86_64-linux-gnu/nss/libsoftokn3.so
7fa5af90f000-7fa5af948000 r-xp 00000000 08:06 656575                     /usr/lib/x86_64-linux-gnu/libnspr4.so
7fa5af948000-7fa5afb47000 ---p 00039000 08:06 656575                     /usr/lib/x86_64-linux-gnu/libnspr4.so
7fa5afb47000-7fa5afb48000 r--p 00038000 08:06 656575                     /usr/lib/x86_64-linux-gnu/libnspr4.so
7fa5afb48000-7fa5afb49000 rw-p 00039000 08:06 656575                     /usr/lib/x86_64-linux-gnu/libnspr4.so
7fa5afb49000-7fa5afb4c000 rw-p 00000000 00:00 0 
7fa5afb4c000-7fa5afb4f000 r-xp 00000000 08:06 658544                     /usr/lib/x86_64-linux-gnu/libplds4.so
7fa5afb4f000-7fa5afd4e000 ---p 00003000 08:06 658544                     /usr/lib/x86_64-linux-gnu/libplds4.so
7fa5afd4e000-7fa5afd4f000 r--p 00002000 08:06 658544                     /usr/lib/x86_64-linux-gnu/libplds4.so
7fa5afd4f000-7fa5afd50000 rw-p 00003000 08:06 658544                     /usr/lib/x86_64-linux-gnu/libplds4.so
7fa5afd50000-7fa5b4000000 rw-p 00000000 00:00 0 
7fa5b4000000-7fa5b4021000 rw-p 00000000 00:00 0 
7fa5b4021000-7fa5b8000000 ---p 00000000 00:00 0 
7fa5b8000000-7fa5b8021000 rw-p 00000000 00:00 0 
7fa5b8021000-7fa5bc000000 ---p 00000000 00:00 0 
7fa5bc000000-7fa5bc021000 rw-p 00000000 00:00 0 
7fa5bc021000-7fa5c0000000 ---p 00000000 00:00 0 
7fa5c0048000-7fa5c0056000 r--s 0010f000 08:06 1314056                    /usr/lib/jvm/java-7-openjdk-common/jre/lib/rhino.jar
7fa5c0056000-7fa5c0061000 r--s 001fb000 08:06 1314050                    /usr/lib/jvm/java-7-openjdk-common/jre/lib/charsets.jar
7fa5c0061000-7fa5c0066000 r--s 0004c000 08:06 1314055                    /usr/lib/jvm/java-7-openjdk-common/jre/lib/jsse.jar
7fa5c0066000-7fa5c0069000 ---p 00000000 00:00 0 
7fa5c0069000-7fa5c0167000 rw-p 00000000 00:00 0 
7fa5c0167000-7fa5c016b000 r-xp 00000000 08:06 655566                     /usr/lib/x86_64-linux-gnu/libplc4.so
7fa5c016b000-7fa5c036a000 ---p 00004000 08:06 655566                     /usr/lib/x86_64-linux-gnu/libplc4.so
7fa5c036a000-7fa5c036b000 r--p 00003000 08:06 655566                     /usr/lib/x86_64-linux-gnu/libplc4.so
7fa5c036b000-7fa5c036c000 rw-p 00004000 08:06 655566                     /usr/lib/x86_64-linux-gnu/libplc4.so
7fa5c036c000-7fa5c0390000 r-xp 00000000 08:06 659166                     /usr/lib/x86_64-linux-gnu/libnssutil3.so
7fa5c0390000-7fa5c0590000 ---p 00024000 08:06 659166                     /usr/lib/x86_64-linux-gnu/libnssutil3.so
7fa5c0590000-7fa5c0596000 r--p 00024000 08:06 659166                     /usr/lib/x86_64-linux-gnu/libnssutil3.so
7fa5c0596000-7fa5c0597000 rw-p 0002a000 08:06 659166                     /usr/lib/x86_64-linux-gnu/libnssutil3.so
7fa5c0597000-7fa5c06c8000 r-xp 00000000 08:06 659640                     /usr/lib/x86_64-linux-gnu/libnss3.so
7fa5c06c8000-7fa5c08c8000 ---p 00131000 08:06 659640                     /usr/lib/x86_64-linux-gnu/libnss3.so
7fa5c08c8000-7fa5c08cc000 r--p 00131000 08:06 659640                     /usr/lib/x86_64-linux-gnu/libnss3.so
7fa5c08cc000-7fa5c08ce000 rw-p 00135000 08:06 659640                     /usr/lib/x86_64-linux-gnu/libnss3.so
7fa5c08ce000-7fa5c08cf000 rw-p 00000000 00:00 0 
7fa5c08cf000-7fa5c08df000 r-xp 00000000 08:06 2098873                    /usr/lib/jvm/java-7-openjdk-amd64/jre/lib/amd64/libj2pkcs11.so
7fa5c08df000-7fa5c0ade000 ---p 00010000 08:06 2098873                    /usr/lib/jvm/java-7-openjdk-amd64/jre/lib/amd64/libj2pkcs11.so
7fa5c0ade000-7fa5c0adf000 r--p 0000f000 08:06 2098873                    /usr/lib/jvm/java-7-openjdk-amd64/jre/lib/amd64/libj2pkcs11.so
7fa5c0adf000-7fa5c0ae0000 rw-p 00010000 08:06 2098873                    /usr/lib/jvm/java-7-openjdk-amd64/jre/lib/amd64/libj2pkcs11.so
7fa5c0ae0000-7fa5c0b1d000 r-xp 00000000 08:06 6160463                    /lib/x86_64-linux-gnu/libpcre.so.3.13.1
7fa5c0b1d000-7fa5c0d1d000 ---p 0003d000 08:06 6160463                    /lib/x86_64-linux-gnu/libpcre.so.3.13.1
7fa5c0d1d000-7fa5c0d1e000 r--p 0003d000 08:06 6160463                    /lib/x86_64-linux-gnu/libpcre.so.3.13.1
7fa5c0d1e000-7fa5c0d1f000 rw-p 0003e000 08:06 6160463                    /lib/x86_64-linux-gnu/libpcre.so.3.13.1
7fa5c0d1f000-7fa5c0d26000 r-xp 00000000 08:06 655686                     /usr/lib/x86_64-linux-gnu/libffi.so.6.0.1
7fa5c0d26000-7fa5c0f25000 ---p 00007000 08:06 655686                     /usr/lib/x86_64-linux-gnu/libffi.so.6.0.1
7fa5c0f25000-7fa5c0f26000 r--p 00006000 08:06 655686                     /usr/lib/x86_64-linux-gnu/libffi.so.6.0.1
7fa5c0f26000-7fa5c0f27000 rw-p 00007000 08:06 655686                     /usr/lib/x86_64-linux-gnu/libffi.so.6.0.1
7fa5c0f27000-7fa5c0f3d000 r-xp 00000000 08:06 6165349                    /lib/x86_64-linux-gnu/libresolv-2.17.so
7fa5c0f3d000-7fa5c113d000 ---p 00016000 08:06 6165349                    /lib/x86_64-linux-gnu/libresolv-2.17.so
7fa5c113d000-7fa5c113e000 r--p 00016000 08:06 6165349                    /lib/x86_64-linux-gnu/libresolv-2.17.so
7fa5c113e000-7fa5c113f000 rw-p 00017000 08:06 6165349                    /lib/x86_64-linux-gnu/libresolv-2.17.so
7fa5c113f000-7fa5c1141000 rw-p 00000000 00:00 0 
7fa5c1141000-7fa5c1160000 r-xp 00000000 08:06 6163953                    /lib/x86_64-linux-gnu/libselinux.so.1
7fa5c1160000-7fa5c1360000 ---p 0001f000 08:06 6163953                    /lib/x86_64-linux-gnu/libselinux.so.1
7fa5c1360000-7fa5c1361000 r--p 0001f000 08:06 6163953                    /lib/x86_64-linux-gnu/libselinux.so.1
7fa5c1361000-7fa5c1362000 rw-p 00020000 08:06 6163953                    /lib/x86_64-linux-gnu/libselinux.so.1
7fa5c1362000-7fa5c1363000 rw-p 00000000 00:00 0 
7fa5c1363000-7fa5c1366000 r-xp 00000000 08:06 656225                     /usr/lib/x86_64-linux-gnu/libgmodule-2.0.so.0.3800.1
7fa5c1366000-7fa5c1565000 ---p 00003000 08:06 656225                     /usr/lib/x86_64-linux-gnu/libgmodule-2.0.so.0.3800.1
7fa5c1565000-7fa5c1566000 r--p 00002000 08:06 656225                     /usr/lib/x86_64-linux-gnu/libgmodule-2.0.so.0.3800.1
7fa5c1566000-7fa5c1567000 rw-p 00003000 08:06 656225                     /usr/lib/x86_64-linux-gnu/libgmodule-2.0.so.0.3800.1
7fa5c1567000-7fa5c1665000 r-xp 00000000 08:06 6160469                    /lib/x86_64-linux-gnu/libglib-2.0.so.0.3800.1
7fa5c1665000-7fa5c1865000 ---p 000fe000 08:06 6160469                    /lib/x86_64-linux-gnu/libglib-2.0.so.0.3800.1
7fa5c1865000-7fa5c1866000 r--p 000fe000 08:06 6160469                    /lib/x86_64-linux-gnu/libglib-2.0.so.0.3800.1
7fa5c1866000-7fa5c1867000 rw-p 000ff000 08:06 6160469                    /lib/x86_64-linux-gnu/libglib-2.0.so.0.3800.1
7fa5c1867000-7fa5c1868000 rw-p 00000000 00:00 0 
7fa5c1868000-7fa5c18b7000 r-xp 00000000 08:06 655983                     /usr/lib/x86_64-linux-gnu/libgobject-2.0.so.0.3800.1
7fa5c18b7000-7fa5c1ab7000 ---p 0004f000 08:06 655983                     /usr/lib/x86_64-linux-gnu/libgobject-2.0.so.0.3800.1
7fa5c1ab7000-7fa5c1ab8000 r--p 0004f000 08:06 655983                     /usr/lib/x86_64-linux-gnu/libgobject-2.0.so.0.3800.1
7fa5c1ab8000-7fa5c1ab9000 rw-p 00050000 08:06 655983                     /usr/lib/x86_64-linux-gnu/libgobject-2.0.so.0.3800.1
7fa5c1ab9000-7fa5c1c15000 r-xp 00000000 08:06 655860                     /usr/lib/x86_64-linux-gnu/libgio-2.0.so.0.3800.1
7fa5c1c15000-7fa5c1e14000 ---p 0015c000 08:06 655860                     /usr/lib/x86_64-linux-gnu/libgio-2.0.so.0.3800.1
7fa5c1e14000-7fa5c1e18000 r--p 0015b000 08:06 655860                     /usr/lib/x86_64-linux-gnu/libgio-2.0.so.0.3800.1
7fa5c1e18000-7fa5c1e1a000 rw-p 0015f000 08:06 655860                     /usr/lib/x86_64-linux-gnu/libgio-2.0.so.0.3800.1
7fa5c1e1a000-7fa5c1e1c000 rw-p 00000000 00:00 0 
7fa5c1e1c000-7fa5c1e32000 r-xp 00000000 08:06 2098858                    /usr/lib/jvm/java-7-openjdk-amd64/jre/lib/amd64/libnet.so
7fa5c1e32000-7fa5c2031000 ---p 00016000 08:06 2098858                    /usr/lib/jvm/java-7-openjdk-amd64/jre/lib/amd64/libnet.so
7fa5c2031000-7fa5c2032000 r--p 00015000 08:06 2098858                    /usr/lib/jvm/java-7-openjdk-amd64/jre/lib/amd64/libnet.so
7fa5c2032000-7fa5c2033000 rw-p 00016000 08:06 2098858                    /usr/lib/jvm/java-7-openjdk-amd64/jre/lib/amd64/libnet.so
7fa5c2033000-7fa5c2043000 r-xp 00000000 08:06 2098854                    /usr/lib/jvm/java-7-openjdk-amd64/jre/lib/amd64/libnio.so
7fa5c2043000-7fa5c2242000 ---p 00010000 08:06 2098854                    /usr/lib/jvm/java-7-openjdk-amd64/jre/lib/amd64/libnio.so
7fa5c2242000-7fa5c2243000 r--p 0000f000 08:06 2098854                    /usr/lib/jvm/java-7-openjdk-amd64/jre/lib/amd64/libnio.so
7fa5c2243000-7fa5c2244000 rw-p 00010000 08:06 2098854                    /usr/lib/jvm/java-7-openjdk-amd64/jre/lib/amd64/libnio.so
7fa5c2244000-7fa5c2245000 ---p 00000000 00:00 0 
7fa5c2245000-7fa5c2345000 rw-p 00000000 00:00 0                          [stack:5394]
7fa5c2345000-7fa5c2348000 ---p 00000000 00:00 0 
7fa5c2348000-7fa5c2446000 rw-p 00000000 00:00 0                          [stack:5393]
7fa5c2446000-7fa5c2449000 ---p 00000000 00:00 0 
7fa5c2449000-7fa5c2547000 rw-p 00000000 00:00 0                          [stack:5392]
7fa5c2547000-7fa5c254a000 ---p 00000000 00:00 0 
7fa5c254a000-7fa5c2648000 rw-p 00000000 00:00 0                          [stack:5391]
7fa5c2648000-7fa5c264b000 ---p 00000000 00:00 0 
7fa5c264b000-7fa5c2749000 rw-p 00000000 00:00 0                          [stack:5388]
7fa5c2749000-7fa5c274c000 ---p 00000000 00:00 0 
7fa5c274c000-7fa5c284a000 rw-p 00000000 00:00 0                          [stack:5385]
7fa5c284a000-7fa5c284d000 ---p 00000000 00:00 0 
7fa5c284d000-7fa5c294b000 rw-p 00000000 00:00 0                          [stack:5384]
7fa5c294b000-7fa5c294f000 r-xp 00000000 08:06 2098879                    /usr/lib/jvm/java-7-openjdk-amd64/jre/lib/amd64/libdt_socket.so
7fa5c294f000-7fa5c2b4e000 ---p 00004000 08:06 2098879                    /usr/lib/jvm/java-7-openjdk-amd64/jre/lib/amd64/libdt_socket.so
7fa5c2b4e000-7fa5c2b4f000 r--p 00003000 08:06 2098879                    /usr/lib/jvm/java-7-openjdk-amd64/jre/lib/amd64/libdt_socket.so
7fa5c2b4f000-7fa5c2b50000 rw-p 00004000 08:06 2098879                    /usr/lib/jvm/java-7-openjdk-amd64/jre/lib/amd64/libdt_socket.so
7fa5c2b50000-7fa5c2b53000 ---p 00000000 00:00 0 
7fa5c2b53000-7fa5c2c51000 rw-p 00000000 00:00 0                          [stack:5382]
7fa5c2c51000-7fa5c2c54000 ---p 00000000 00:00 0 
7fa5c2c54000-7fa5c2d52000 rw-p 00000000 00:00 0                          [stack:5379]
7fa5c2d52000-7fa5c2d55000 ---p 00000000 00:00 0 
7fa5c2d55000-7fa5c2e53000 rw-p 00000000 00:00 0                          [stack:5378]
7fa5c2e53000-7fa5c2e54000 ---p 00000000 00:00 0 
7fa5c2e54000-7fa5c4000000 rw-p 00000000 00:00 0                          [stack:5377]
7fa5c4000000-7fa5c4021000 rw-p 00000000 00:00 0 
7fa5c4021000-7fa5c8000000 ---p 00000000 00:00 0 
7fa5c8004000-7fa5c800d000 r--s 000bc000 08:06 1314053                    /usr/lib/jvm/java-7-openjdk-common/jre/lib/resources.jar
7fa5c800d000-7fa5c8017000 r--s 000a1000 08:06 1051975                    /home/p/git/rolling_bunnies/coupling_visualizer/libs/eclipseAST/org.eclipse.core.resources_3.5.2.R35x_v20091203-1235.jar
7fa5c8017000-7fa5c8040000 r--s 00421000 08:06 1051982                    /home/p/git/rolling_bunnies/coupling_visualizer/libs/eclipseAST/org.eclipse.jdt.core_3.5.2.v_981_R35x.jar
7fa5c8040000-7fa5c806a000 r--s 0044e000 08:06 1051974                    /home/p/git/rolling_bunnies/coupling_visualizer/libs/eclipseAST/org.eclipse.jdt.core-3.8.2.v20120814-155456.jar
7fa5c806a000-7fa5c807a000 r--s 00100000 08:06 1051983                    /home/p/git/rolling_bunnies/coupling_visualizer/libs/eclipseAST/org.eclipse.osgi_3.5.2.R35x_v20100126.jar
7fa5c807a000-7fa5c80ac000 rw-p 00000000 00:00 0 
7fa5c80ac000-7fa5c80ad000 rw-p 00000000 00:00 0 
7fa5c80ad000-7fa5c80af000 r--s 00015000 08:06 1314051                    /usr/lib/jvm/java-7-openjdk-common/jre/lib/jce.jar
7fa5c80af000-7fa5c80b0000 r--s 0000f000 08:06 12997875                   /home/p/git/rolling_bunnies/coupling_visualizer/libs/javatuples-1.2.jar
7fa5c80b0000-7fa5c80b3000 r--s 00016000 08:06 1051978                    /home/p/git/rolling_bunnies/coupling_visualizer/libs/eclipseAST/org.eclipse.equinox.preferences_3.2.301.R35x_v20091117.jar
7fa5c80b3000-7fa5c80b6000 r--s 00015000 08:06 1051977                    /home/p/git/rolling_bunnies/coupling_visualizer/libs/eclipseAST/org.eclipse.equinox.common_3.5.1.R35x_v20090807-1100.jar
7fa5c80b6000-7fa5c80b8000 r--s 0000f000 08:06 1051976                    /home/p/git/rolling_bunnies/coupling_visualizer/libs/eclipseAST/org.eclipse.core.runtime_3.5.0.v20090525.jar
7fa5c80b8000-7fa5c80ba000 r--s 00011000 08:06 1051770                    /home/p/git/rolling_bunnies/coupling_visualizer/libs/eclipseAST/org.eclipse.core.jobs_3.4.100.v20090429-1800.jar
7fa5c80ba000-7fa5c80bd000 r--s 00012000 08:06 1051767                    /home/p/git/rolling_bunnies/coupling_visualizer/libs/eclipseAST/org.eclipse.core.contenttype_3.4.1.R35x_v20090826-0451.jar
7fa5c80bd000-7fa5c80be000 r--s 00009000 08:06 12195464                   /home/p/git/rolling_bunnies/coupling_visualizer/libs/org.json-20120521.jar
7fa5c80be000-7fa5c80c7000 r--s 000bc000 08:06 1314053                    /usr/lib/jvm/java-7-openjdk-common/jre/lib/resources.jar
7fa5c80c7000-7fa5c80f1000 r--s 001e9000 08:06 12997840                   /home/p/git/rolling_bunnies/coupling_visualizer/libs/guava-15.0.jar
7fa5c80f1000-7fa5c9000000 rw-p 00000000 00:00 0 
7fa5c9000000-7fa5c9290000 rwxp 00000000 00:00 0 
7fa5c9290000-7fa5cc998000 rw-p 00000000 00:00 0 
7fa5cc998000-7fa5d0000000 ---p 00000000 00:00 0 
7fa5d0000000-7fa5d0005000 r--s 0004c000 08:06 1314055                    /usr/lib/jvm/java-7-openjdk-common/jre/lib/jsse.jar
7fa5d0005000-7fa5d000a000 r--s 0002d000 08:06 12997841                   /home/p/git/rolling_bunnies/coupling_visualizer/libs/org.eclipse.egit.github.core-2.1.5.jar
7fa5d000a000-7fa5d000f000 r--s 0002a000 08:06 12997839                   /home/p/git/rolling_bunnies/coupling_visualizer/libs/gson-2.2.4.jar
7fa5d000f000-7fa5d0120000 rw-p 00000000 00:00 0 
7fa5d0120000-7fa5d02cd000 r--s 01cec000 08:06 2098848                    /usr/lib/jvm/java-7-openjdk-amd64/jre/lib/rt.jar
7fa5d02cd000-7fa5d02f5000 rw-p 00000000 00:00 0 
7fa5d02f5000-7fa5d02f6000 ---p 00000000 00:00 0 
7fa5d02f6000-7fa5d03f6000 rw-p 00000000 00:00 0                          [stack:5371]
7fa5d03f6000-7fa5d03f7000 ---p 00000000 00:00 0 
7fa5d03f7000-7fa5d04f7000 rw-p 00000000 00:00 0                          [stack:5370]
7fa5d04f7000-7fa5d04f8000 ---p 00000000 00:00 0 
7fa5d04f8000-7fa5d05f8000 rw-p 00000000 00:00 0                          [stack:5369]
7fa5d05f8000-7fa5d05f9000 ---p 00000000 00:00 0 
7fa5d05f9000-7fa5d0704000 rw-p 00000000 00:00 0                          [stack:5368]
7fa5d0704000-7fa5d074c000 rw-p 00000000 00:00 0 
7fa5d074c000-7fa5d0775000 rw-p 00000000 00:00 0 
7fa5d0775000-7fa5d09dc000 rw-p 00000000 00:00 0 
7fa5d09dc000-7fa5d09e7000 rw-p 00000000 00:00 0 
7fa5d09e7000-7fa5d0a2f000 rw-p 00000000 00:00 0 
7fa5d0a2f000-7fa5d0a58000 rw-p 00000000 00:00 0 
7fa5d0a58000-7fa5d0cbf000 rw-p 00000000 00:00 0 
7fa5d0cbf000-7fa5d0d40000 rw-p 00000000 00:00 0 
7fa5d0d40000-7fa5d0d45000 ---p 00000000 00:00 0 
7fa5d0d45000-7fa5d0e07000 rw-p 00000000 00:00 0 
7fa5d0e07000-7fa5d0e08000 rw-p 00000000 00:00 0 
7fa5d0e08000-7fa5d0e10000 r-xp 00000000 08:06 2098881                    /usr/lib/jvm/java-7-openjdk-amd64/jre/lib/amd64/libzip.so
7fa5d0e10000-7fa5d100f000 ---p 00008000 08:06 2098881                    /usr/lib/jvm/java-7-openjdk-amd64/jre/lib/amd64/libzip.so
7fa5d100f000-7fa5d1010000 r--p 00007000 08:06 2098881                    /usr/lib/jvm/java-7-openjdk-amd64/jre/lib/amd64/libzip.so
7fa5d1010000-7fa5d1011000 rw-p 00008000 08:06 2098881                    /usr/lib/jvm/java-7-openjdk-amd64/jre/lib/amd64/libzip.so
7fa5d1011000-7fa5d101d000 r-xp 00000000 08:06 6168214                    /lib/x86_64-linux-gnu/libnss_files-2.17.so
7fa5d101d000-7fa5d121c000 ---p 0000c000 08:06 6168214                    /lib/x86_64-linux-gnu/libnss_files-2.17.so
7fa5d121c000-7fa5d121d000 r--p 0000b000 08:06 6168214                    /lib/x86_64-linux-gnu/libnss_files-2.17.so
7fa5d121d000-7fa5d121e000 rw-p 0000c000 08:06 6168214                    /lib/x86_64-linux-gnu/libnss_files-2.17.so
7fa5d121e000-7fa5d1229000 r-xp 00000000 08:06 6166786                    /lib/x86_64-linux-gnu/libnss_nis-2.17.so
7fa5d1229000-7fa5d1428000 ---p 0000b000 08:06 6166786                    /lib/x86_64-linux-gnu/libnss_nis-2.17.so
7fa5d1428000-7fa5d1429000 r--p 0000a000 08:06 6166786                    /lib/x86_64-linux-gnu/libnss_nis-2.17.so
7fa5d1429000-7fa5d142a000 rw-p 0000b000 08:06 6166786                    /lib/x86_64-linux-gnu/libnss_nis-2.17.so
7fa5d142a000-7fa5d1441000 r-xp 00000000 08:06 6160432                    /lib/x86_64-linux-gnu/libnsl-2.17.so
7fa5d1441000-7fa5d1640000 ---p 00017000 08:06 6160432                    /lib/x86_64-linux-gnu/libnsl-2.17.so
7fa5d1640000-7fa5d1641000 r--p 00016000 08:06 6160432                    /lib/x86_64-linux-gnu/libnsl-2.17.so
7fa5d1641000-7fa5d1642000 rw-p 00017000 08:06 6160432                    /lib/x86_64-linux-gnu/libnsl-2.17.so
7fa5d1642000-7fa5d1644000 rw-p 00000000 00:00 0 
7fa5d1644000-7fa5d164c000 r-xp 00000000 08:06 6165348                    /lib/x86_64-linux-gnu/libnss_compat-2.17.so
7fa5d164c000-7fa5d184b000 ---p 00008000 08:06 6165348                    /lib/x86_64-linux-gnu/libnss_compat-2.17.so
7fa5d184b000-7fa5d184c000 r--p 00007000 08:06 6165348                    /lib/x86_64-linux-gnu/libnss_compat-2.17.so
7fa5d184c000-7fa5d184d000 rw-p 00008000 08:06 6165348                    /lib/x86_64-linux-gnu/libnss_compat-2.17.so
7fa5d184d000-7fa5d1b16000 r--p 00000000 08:06 656281                     /usr/lib/locale/locale-archive
7fa5d1b16000-7fa5d1b19000 r-xp 00000000 08:06 2098851                    /usr/lib/jvm/java-7-openjdk-amd64/jre/lib/amd64/libnpt.so
7fa5d1b19000-7fa5d1d18000 ---p 00003000 08:06 2098851                    /usr/lib/jvm/java-7-openjdk-amd64/jre/lib/amd64/libnpt.so
7fa5d1d18000-7fa5d1d19000 r--p 00002000 08:06 2098851                    /usr/lib/jvm/java-7-openjdk-amd64/jre/lib/amd64/libnpt.so
7fa5d1d19000-7fa5d1d1a000 rw-p 00003000 08:06 2098851                    /usr/lib/jvm/java-7-openjdk-amd64/jre/lib/amd64/libnpt.so
7fa5d1d1a000-7fa5d1d54000 r-xp 00000000 08:06 2098855                    /usr/lib/jvm/java-7-openjdk-amd64/jre/lib/amd64/libjdwp.so
7fa5d1d54000-7fa5d1f53000 ---p 0003a000 08:06 2098855                    /usr/lib/jvm/java-7-openjdk-amd64/jre/lib/amd64/libjdwp.so
7fa5d1f53000-7fa5d1f54000 r--p 00039000 08:06 2098855                    /usr/lib/jvm/java-7-openjdk-amd64/jre/lib/amd64/libjdwp.so
7fa5d1f54000-7fa5d1f55000 rw-p 0003a000 08:06 2098855                    /usr/lib/jvm/java-7-openjdk-amd64/jre/lib/amd64/libjdwp.so
7fa5d1f55000-7fa5d1f80000 r-xp 00000000 08:06 2098868                    /usr/lib/jvm/java-7-openjdk-amd64/jre/lib/amd64/libjava.so
7fa5d1f80000-7fa5d217f000 ---p 0002b000 08:06 2098868                    /usr/lib/jvm/java-7-openjdk-amd64/jre/lib/amd64/libjava.so
7fa5d217f000-7fa5d2180000 r--p 0002a000 08:06 2098868                    /usr/lib/jvm/java-7-openjdk-amd64/jre/lib/amd64/libjava.so
7fa5d2180000-7fa5d2182000 rw-p 0002b000 08:06 2098868                    /usr/lib/jvm/java-7-openjdk-amd64/jre/lib/amd64/libjava.so
7fa5d2182000-7fa5d2192000 r-xp 00000000 08:06 2098867                    /usr/lib/jvm/java-7-openjdk-amd64/jre/lib/amd64/libverify.so
7fa5d2192000-7fa5d2391000 ---p 00010000 08:06 2098867                    /usr/lib/jvm/java-7-openjdk-amd64/jre/lib/amd64/libverify.so
7fa5d2391000-7fa5d2393000 r--p 0000f000 08:06 2098867                    /usr/lib/jvm/java-7-openjdk-amd64/jre/lib/amd64/libverify.so
7fa5d2393000-7fa5d2394000 rw-p 00011000 08:06 2098867                    /usr/lib/jvm/java-7-openjdk-amd64/jre/lib/amd64/libverify.so
7fa5d2394000-7fa5d239b000 r-xp 00000000 08:06 6168215                    /lib/x86_64-linux-gnu/librt-2.17.so
7fa5d239b000-7fa5d259a000 ---p 00007000 08:06 6168215                    /lib/x86_64-linux-gnu/librt-2.17.so
7fa5d259a000-7fa5d259b000 r--p 00006000 08:06 6168215                    /lib/x86_64-linux-gnu/librt-2.17.so
7fa5d259b000-7fa5d259c000 rw-p 00007000 08:06 6168215                    /lib/x86_64-linux-gnu/librt-2.17.so
7fa5d259c000-7fa5d25b1000 r-xp 00000000 08:06 6165355                    /lib/x86_64-linux-gnu/libgcc_s.so.1
7fa5d25b1000-7fa5d27b0000 ---p 00015000 08:06 6165355                    /lib/x86_64-linux-gnu/libgcc_s.so.1
7fa5d27b0000-7fa5d27b1000 r--p 00014000 08:06 6165355                    /lib/x86_64-linux-gnu/libgcc_s.so.1
7fa5d27b1000-7fa5d27b2000 rw-p 00015000 08:06 6165355                    /lib/x86_64-linux-gnu/libgcc_s.so.1
7fa5d27b2000-7fa5d28b5000 r-xp 00000000 08:06 6165353                    /lib/x86_64-linux-gnu/libm-2.17.so
7fa5d28b5000-7fa5d2ab4000 ---p 00103000 08:06 6165353                    /lib/x86_64-linux-gnu/libm-2.17.so
7fa5d2ab4000-7fa5d2ab5000 r--p 00102000 08:06 6165353                    /lib/x86_64-linux-gnu/libm-2.17.so
7fa5d2ab5000-7fa5d2ab6000 rw-p 00103000 08:06 6165353                    /lib/x86_64-linux-gnu/libm-2.17.so
7fa5d2ab6000-7fa5d2b9c000 r-xp 00000000 08:06 660672                     /usr/lib/x86_64-linux-gnu/libstdc++.so.6.0.18
7fa5d2b9c000-7fa5d2d9b000 ---p 000e6000 08:06 660672                     /usr/lib/x86_64-linux-gnu/libstdc++.so.6.0.18
7fa5d2d9b000-7fa5d2da3000 r--p 000e5000 08:06 660672                     /usr/lib/x86_64-linux-gnu/libstdc++.so.6.0.18
7fa5d2da3000-7fa5d2da5000 rw-p 000ed000 08:06 660672                     /usr/lib/x86_64-linux-gnu/libstdc++.so.6.0.18
7fa5d2da5000-7fa5d2dba000 rw-p 00000000 00:00 0 
7fa5d2dba000-7fa5d37c8000 r-xp 00000000 08:06 2491274                    /usr/lib/jvm/java-7-openjdk-amd64/jre/lib/amd64/server/libjvm.so
7fa5d37c8000-7fa5d39c7000 ---p 00a0e000 08:06 2491274                    /usr/lib/jvm/java-7-openjdk-amd64/jre/lib/amd64/server/libjvm.so
7fa5d39c7000-7fa5d3a40000 r--p 00a0d000 08:06 2491274                    /usr/lib/jvm/java-7-openjdk-amd64/jre/lib/amd64/server/libjvm.so
7fa5d3a40000-7fa5d3a63000 rw-p 00a86000 08:06 2491274                    /usr/lib/jvm/java-7-openjdk-amd64/jre/lib/amd64/server/libjvm.so
7fa5d3a63000-7fa5d3a8e000 rw-p 00000000 00:00 0 
7fa5d3a8e000-7fa5d3aa6000 r-xp 00000000 08:06 6163919                    /lib/x86_64-linux-gnu/libz.so.1.2.8
7fa5d3aa6000-7fa5d3ca5000 ---p 00018000 08:06 6163919                    /lib/x86_64-linux-gnu/libz.so.1.2.8
7fa5d3ca5000-7fa5d3ca6000 r--p 00017000 08:06 6163919                    /lib/x86_64-linux-gnu/libz.so.1.2.8
7fa5d3ca6000-7fa5d3ca7000 rw-p 00018000 08:06 6163919                    /lib/x86_64-linux-gnu/libz.so.1.2.8
7fa5d3ca7000-7fa5d3cbe000 r-xp 00000000 08:06 6170883                    /lib/x86_64-linux-gnu/libpthread-2.17.so
7fa5d3cbe000-7fa5d3ebe000 ---p 00017000 08:06 6170883                    /lib/x86_64-linux-gnu/libpthread-2.17.so
7fa5d3ebe000-7fa5d3ebf000 r--p 00017000 08:06 6170883                    /lib/x86_64-linux-gnu/libpthread-2.17.so
7fa5d3ebf000-7fa5d3ec0000 rw-p 00018000 08:06 6170883                    /lib/x86_64-linux-gnu/libpthread-2.17.so
7fa5d3ec0000-7fa5d3ec4000 rw-p 00000000 00:00 0 
7fa5d3ec4000-7fa5d3ec7000 r-xp 00000000 08:06 6170882                    /lib/x86_64-linux-gnu/libdl-2.17.so
7fa5d3ec7000-7fa5d40c6000 ---p 00003000 08:06 6170882                    /lib/x86_64-linux-gnu/libdl-2.17.so
7fa5d40c6000-7fa5d40c7000 r--p 00002000 08:06 6170882                    /lib/x86_64-linux-gnu/libdl-2.17.so
7fa5d40c7000-7fa5d40c8000 rw-p 00003000 08:06 6170882                    /lib/x86_64-linux-gnu/libdl-2.17.so
7fa5d40c8000-7fa5d4285000 r-xp 00000000 08:06 6170881                    /lib/x86_64-linux-gnu/libc-2.17.so
7fa5d4285000-7fa5d4485000 ---p 001bd000 08:06 6170881                    /lib/x86_64-linux-gnu/libc-2.17.so
7fa5d4485000-7fa5d4489000 r--p 001bd000 08:06 6170881                    /lib/x86_64-linux-gnu/libc-2.17.so
7fa5d4489000-7fa5d448b000 rw-p 001c1000 08:06 6170881                    /lib/x86_64-linux-gnu/libc-2.17.so
7fa5d448b000-7fa5d4490000 rw-p 00000000 00:00 0 
7fa5d4490000-7fa5d449d000 r-xp 00000000 08:06 2491270                    /usr/lib/jvm/java-7-openjdk-amd64/jre/lib/amd64/jli/libjli.so
7fa5d449d000-7fa5d469c000 ---p 0000d000 08:06 2491270                    /usr/lib/jvm/java-7-openjdk-amd64/jre/lib/amd64/jli/libjli.so
7fa5d469c000-7fa5d469d000 r--p 0000c000 08:06 2491270                    /usr/lib/jvm/java-7-openjdk-amd64/jre/lib/amd64/jli/libjli.so
7fa5d469d000-7fa5d469e000 rw-p 0000d000 08:06 2491270                    /usr/lib/jvm/java-7-openjdk-amd64/jre/lib/amd64/jli/libjli.so
7fa5d469e000-7fa5d46c1000 r-xp 00000000 08:06 6165357                    /lib/x86_64-linux-gnu/ld-2.17.so
7fa5d46c1000-7fa5d46c3000 r--s 00015000 08:06 1314051                    /usr/lib/jvm/java-7-openjdk-common/jre/lib/jce.jar
7fa5d46c3000-7fa5d46c5000 r--s 0000c000 08:06 5377683                    /home/p/eclipse/plugins/org.hamcrest.core_1.3.0.v201303031735.jar
7fa5d46c5000-7fa5d46cb000 r--s 00036000 08:06 5377846                    /home/p/eclipse/plugins/org.junit_4.11.0.v201303080030/junit.jar
7fa5d46cb000-7fa5d46d1000 r--s 00048000 08:06 12997836                   /home/p/git/rolling_bunnies/coupling_visualizer/libs/commons-lang3-3.1.jar
7fa5d46d1000-7fa5d46d5000 r--s 0002a000 08:06 12997835                   /home/p/git/rolling_bunnies/coupling_visualizer/libs/commons-io-2.4.jar
7fa5d46d5000-7fa5d46dc000 r--s 0003a000 08:06 12997834                   /home/p/git/rolling_bunnies/coupling_visualizer/libs/commons-codec-1.8.jar
7fa5d46dc000-7fa5d46e7000 rw-p 00000000 00:00 0 
7fa5d46e7000-7fa5d479c000 rw-p 00000000 00:00 0 
7fa5d479c000-7fa5d479f000 ---p 00000000 00:00 0 
7fa5d479f000-7fa5d48a2000 rw-p 00000000 00:00 0                          [stack:5367]
7fa5d48a2000-7fa5d48a3000 r--s 00002000 08:06 1575809                    /usr/lib/jvm/java-7-openjdk-common/jre/lib/ext/dnsns.jar
7fa5d48a3000-7fa5d48a7000 r--s 00085000 08:06 1575806                    /usr/lib/jvm/java-7-openjdk-common/jre/lib/ext/localedata.jar
7fa5d48a7000-7fa5d48aa000 r--s 0003c000 08:06 1575807                    /usr/lib/jvm/java-7-openjdk-common/jre/lib/ext/sunpkcs11.jar
7fa5d48aa000-7fa5d48ac000 r--s 00006000 08:06 1191754                    /usr/share/java/java-atk-wrapper.jar
7fa5d48ac000-7fa5d48ae000 r--s 00012000 08:06 1575455                    /usr/lib/jvm/java-7-openjdk-common/jre/lib/ext/zipfs.jar
7fa5d48ae000-7fa5d48b1000 r--s 0000f000 08:06 1575454                    /usr/lib/jvm/java-7-openjdk-common/jre/lib/ext/pulse-java.jar
7fa5d48b1000-7fa5d48b4000 r--s 00032000 08:06 1575787                    /usr/lib/jvm/java-7-openjdk-common/jre/lib/ext/sunjce_provider.jar
7fa5d48b4000-7fa5d48bc000 rw-s 00000000 08:06 457                        /tmp/hsperfdata_p/5365
7fa5d48bc000-7fa5d48bd000 rw-p 00000000 00:00 0 
7fa5d48bd000-7fa5d48be000 r--p 00000000 00:00 0 
7fa5d48be000-7fa5d48c0000 rw-p 00000000 00:00 0 
7fa5d48c0000-7fa5d48c1000 r--p 00022000 08:06 6165357                    /lib/x86_64-linux-gnu/ld-2.17.so
7fa5d48c1000-7fa5d48c3000 rw-p 00023000 08:06 6165357                    /lib/x86_64-linux-gnu/ld-2.17.so
7fffce55b000-7fffce57d000 rw-p 00000000 00:00 0                          [stack]
7fffce5e2000-7fffce5e4000 r-xp 00000000 00:00 0                          [vdso]
ffffffffff600000-ffffffffff601000 r-xp 00000000 00:00 0                  [vsyscall]

VM Arguments:
jvm_args: -agentlib:jdwp=transport=dt_socket,suspend=y,address=localhost:53707 -Dfile.encoding=UTF-8 
java_command: change.impact.graph.driver.Main
Launcher Type: SUN_STANDARD

Environment Variables:
PATH=/home/p/bin:/home/p/eclipse:/usr/lib/lightdm/lightdm:/usr/local/sbin:/usr/local/bin:/usr/sbin:/usr/bin:/sbin:/bin:/usr/games:/usr/local/games:/usr/epd/epd-7.3-2-rh5-x86_64/bin
SHELL=/bin/bash
DISPLAY=:0

Signal Handlers:
SIGSEGV: [libjvm.so+0x871410], sa_mask[0]=0x7ffbfeff, sa_flags=0x10000004
SIGBUS: [libjvm.so+0x871410], sa_mask[0]=0x7ffbfeff, sa_flags=0x10000004
SIGFPE: [libjvm.so+0x709540], sa_mask[0]=0x7ffbfeff, sa_flags=0x10000004
SIGPIPE: SIG_IGN, sa_mask[0]=0x00000000, sa_flags=0x00000000
SIGXFSZ: [libjvm.so+0x709540], sa_mask[0]=0x7ffbfeff, sa_flags=0x10000004
SIGILL: [libjvm.so+0x709540], sa_mask[0]=0x7ffbfeff, sa_flags=0x10000004
SIGUSR1: SIG_DFL, sa_mask[0]=0x00000000, sa_flags=0x00000000
SIGUSR2: [libjvm.so+0x709270], sa_mask[0]=0x00000004, sa_flags=0x10000004
SIGHUP: [libjvm.so+0x709550], sa_mask[0]=0x7ffbfeff, sa_flags=0x10000004
SIGINT: [libjvm.so+0x709550], sa_mask[0]=0x7ffbfeff, sa_flags=0x10000004
SIGTERM: [libjvm.so+0x709550], sa_mask[0]=0x7ffbfeff, sa_flags=0x10000004
SIGQUIT: [libjvm.so+0x709550], sa_mask[0]=0x7ffbfeff, sa_flags=0x10000004


---------------  S Y S T E M  ---------------

OS:Ubuntu 13.10 (saucy)
uname:Linux 3.11.0-13-generic #20-Ubuntu SMP Wed Oct 23 07:38:26 UTC 2013 x86_64
libc:glibc 2.17 NPTL 2.17 
rlimit: STACK 8192k, CORE 0k, NPROC 61406, NOFILE 4096, AS infinity
load average:0.25 0.24 0.23

/proc/meminfo:
MemTotal:        8060420 kB
MemFree:         4941860 kB
Buffers:          108420 kB
Cached:          1093988 kB
SwapCached:            0 kB
Active:          1972016 kB
Inactive:         907444 kB
Active(anon):    1679744 kB
Inactive(anon):   402904 kB
Active(file):     292272 kB
Inactive(file):   504540 kB
Unevictable:          32 kB
Mlocked:              32 kB
SwapTotal:       8272892 kB
SwapFree:        8272892 kB
Dirty:                96 kB
Writeback:             0 kB
AnonPages:       1677492 kB
Mapped:           273332 kB
Shmem:            405520 kB
Slab:             107728 kB
SReclaimable:      74616 kB
SUnreclaim:        33112 kB
KernelStack:        4312 kB
PageTables:        43824 kB
NFS_Unstable:          0 kB
Bounce:                0 kB
WritebackTmp:          0 kB
CommitLimit:    12303100 kB
Committed_AS:    5387584 kB
VmallocTotal:   34359738367 kB
VmallocUsed:      438640 kB
VmallocChunk:   34359295964 kB
HardwareCorrupted:     0 kB
AnonHugePages:         0 kB
HugePages_Total:       0
HugePages_Free:        0
HugePages_Rsvd:        0
HugePages_Surp:        0
Hugepagesize:       2048 kB
DirectMap4k:       73944 kB
DirectMap2M:     8269824 kB


CPU:total 4 (2 cores per cpu, 2 threads per core) family 6 model 58 stepping 9, cmov, cx8, fxsr, mmx, sse, sse2, sse3, ssse3, sse4.1, sse4.2, popcnt, avx, ht, tsc, tscinvbit, tscinv

/proc/cpuinfo:
processor	: 0
vendor_id	: GenuineIntel
cpu family	: 6
model		: 58
model name	: Intel(R) Core(TM) i5-3210M CPU @ 2.50GHz
stepping	: 9
microcode	: 0x15
cpu MHz		: 1200.000
cache size	: 3072 KB
physical id	: 0
siblings	: 4
core id		: 0
cpu cores	: 2
apicid		: 0
initial apicid	: 0
fpu		: yes
fpu_exception	: yes
cpuid level	: 13
wp		: yes
flags		: fpu vme de pse tsc msr pae mce cx8 apic sep mtrr pge mca cmov pat pse36 clflush dts acpi mmx fxsr sse sse2 ss ht tm pbe syscall nx rdtscp lm constant_tsc arch_perfmon pebs bts rep_good nopl xtopology nonstop_tsc aperfmperf eagerfpu pni pclmulqdq dtes64 monitor ds_cpl vmx est tm2 ssse3 cx16 xtpr pdcm pcid sse4_1 sse4_2 x2apic popcnt tsc_deadline_timer aes xsave avx f16c rdrand lahf_lm ida arat epb xsaveopt pln pts dtherm tpr_shadow vnmi flexpriority ept vpid fsgsbase smep erms
bogomips	: 4988.69
clflush size	: 64
cache_alignment	: 64
address sizes	: 36 bits physical, 48 bits virtual
power management:

processor	: 1
vendor_id	: GenuineIntel
cpu family	: 6
model		: 58
model name	: Intel(R) Core(TM) i5-3210M CPU @ 2.50GHz
stepping	: 9
microcode	: 0x15
cpu MHz		: 1200.000
cache size	: 3072 KB
physical id	: 0
siblings	: 4
core id		: 1
cpu cores	: 2
apicid		: 2
initial apicid	: 2
fpu		: yes
fpu_exception	: yes
cpuid level	: 13
wp		: yes
flags		: fpu vme de pse tsc msr pae mce cx8 apic sep mtrr pge mca cmov pat pse36 clflush dts acpi mmx fxsr sse sse2 ss ht tm pbe syscall nx rdtscp lm constant_tsc arch_perfmon pebs bts rep_good nopl xtopology nonstop_tsc aperfmperf eagerfpu pni pclmulqdq dtes64 monitor ds_cpl vmx est tm2 ssse3 cx16 xtpr pdcm pcid sse4_1 sse4_2 x2apic popcnt tsc_deadline_timer aes xsave avx f16c rdrand lahf_lm ida arat epb xsaveopt pln pts dtherm tpr_shadow vnmi flexpriority ept vpid fsgsbase smep erms
bogomips	: 4988.69
clflush size	: 64
cache_alignment	: 64
address sizes	: 36 bits physical, 48 bits virtual
power management:

processor	: 2
vendor_id	: GenuineIntel
cpu family	: 6
model		: 58
model name	: Intel(R) Core(TM) i5-3210M CPU @ 2.50GHz
stepping	: 9
microcode	: 0x15
cpu MHz		: 2100.000
cache size	: 3072 KB
physical id	: 0
siblings	: 4
core id		: 0
cpu cores	: 2
apicid		: 1
initial apicid	: 1
fpu		: yes
fpu_exception	: yes
cpuid level	: 13
wp		: yes
flags		: fpu vme de pse tsc msr pae mce cx8 apic sep mtrr pge mca cmov pat pse36 clflush dts acpi mmx fxsr sse sse2 ss ht tm pbe syscall nx rdtscp lm constant_tsc arch_perfmon pebs bts rep_good nopl xtopology nonstop_tsc aperfmperf eagerfpu pni pclmulqdq dtes64 monitor ds_cpl vmx est tm2 ssse3 cx16 xtpr pdcm pcid sse4_1 sse4_2 x2apic popcnt tsc_deadline_timer aes xsave avx f16c rdrand lahf_lm ida arat epb xsaveopt pln pts dtherm tpr_shadow vnmi flexpriority ept vpid fsgsbase smep erms
bogomips	: 4988.69
clflush size	: 64
cache_alignment	: 64
address sizes	: 36 bits physical, 48 bits virtual
power management:

processor	: 3
vendor_id	: GenuineIntel
cpu family	: 6
model		: 58
model name	: Intel(R) Core(TM) i5-3210M CPU @ 2.50GHz
stepping	: 9
microcode	: 0x15
cpu MHz		: 1200.000
cache size	: 3072 KB
physical id	: 0
siblings	: 4
core id		: 1
cpu cores	: 2
apicid		: 3
initial apicid	: 3
fpu		: yes
fpu_exception	: yes
cpuid level	: 13
wp		: yes
flags		: fpu vme de pse tsc msr pae mce cx8 apic sep mtrr pge mca cmov pat pse36 clflush dts acpi mmx fxsr sse sse2 ss ht tm pbe syscall nx rdtscp lm constant_tsc arch_perfmon pebs bts rep_good nopl xtopology nonstop_tsc aperfmperf eagerfpu pni pclmulqdq dtes64 monitor ds_cpl vmx est tm2 ssse3 cx16 xtpr pdcm pcid sse4_1 sse4_2 x2apic popcnt tsc_deadline_timer aes xsave avx f16c rdrand lahf_lm ida arat epb xsaveopt pln pts dtherm tpr_shadow vnmi flexpriority ept vpid fsgsbase smep erms
bogomips	: 4988.69
clflush size	: 64
cache_alignment	: 64
address sizes	: 36 bits physical, 48 bits virtual
power management:



Memory: 4k page, physical 8060420k(4941860k free), swap 8272892k(8272892k free)

vm_info: OpenJDK 64-Bit Server VM (23.7-b01) for linux-amd64 JRE (1.7.0_25-b30), built on Oct 11 2013 18:04:12 by "buildd" with gcc 4.8.1

time: Thu Nov 21 19:21:54 2013
elapsed time: 1777 seconds

